2011-08-08 01:05:58 Warning: Warning (2): Missing argument 1 for Restaurante::haversine(), called in D:\wamp\www\Ideia-1.0\app\controllers\restaurantes_controller.php on line 19 and defined in [D:\wamp\www\Ideia-1.0\app\models\restaurante.php, line 14]
2011-08-08 01:05:58 Warning: Warning (2): Missing argument 2 for Restaurante::haversine(), called in D:\wamp\www\Ideia-1.0\app\controllers\restaurantes_controller.php on line 19 and defined in [D:\wamp\www\Ideia-1.0\app\models\restaurante.php, line 14]
2011-08-08 01:05:58 Warning: Warning (2): Missing argument 3 for Restaurante::haversine(), called in D:\wamp\www\Ideia-1.0\app\controllers\restaurantes_controller.php on line 19 and defined in [D:\wamp\www\Ideia-1.0\app\models\restaurante.php, line 14]
2011-08-08 01:12:08 Warning: Warning (512): <span style="color:Red;text-align:left"><b>SQL Error:</b> 1582: Incorrect parameter count in the call to native function 'radians'</span> in [D:\wamp\www\Ideia-1.0\cake\libs\model\datasources\dbo_source.php, line 684]
2011-08-08 01:12:08 Warning: Warning (2): Invalid argument supplied for foreach() in [D:\wamp\www\Ideia-1.0\app\controllers\restaurantes_controller.php, line 23]
2011-08-08 01:14:19 Warning: Warning (512): <span style="color:Red;text-align:left"><b>SQL Error:</b> 1582: Incorrect parameter count in the call to native function 'radians'</span> in [D:\wamp\www\Ideia-1.0\cake\libs\model\datasources\dbo_source.php, line 684]
2011-08-08 01:14:19 Warning: Warning (2): Invalid argument supplied for foreach() in [D:\wamp\www\Ideia-1.0\app\controllers\restaurantes_controller.php, line 23]
2011-08-08 01:15:57 Warning: Warning (512): <span style="color:Red;text-align:left"><b>SQL Error:</b> 1582: Incorrect parameter count in the call to native function 'radians'</span> in [D:\wamp\www\Ideia-1.0\cake\libs\model\datasources\dbo_source.php, line 684]
2011-08-08 01:15:57 Warning: Warning (2): Invalid argument supplied for foreach() in [D:\wamp\www\Ideia-1.0\app\controllers\restaurantes_controller.php, line 23]
2011-08-08 01:17:12 Warning: Warning (512): <span style="color:Red;text-align:left"><b>SQL Error:</b> 1582: Incorrect parameter count in the call to native function 'radians'</span> in [D:\wamp\www\Ideia-1.0\cake\libs\model\datasources\dbo_source.php, line 684]
2011-08-08 01:17:12 Warning: Warning (2): Invalid argument supplied for foreach() in [D:\wamp\www\Ideia-1.0\app\controllers\restaurantes_controller.php, line 23]
2011-08-08 01:18:29 Warning: Warning (512): <span style="color:Red;text-align:left"><b>SQL Error:</b> 1582: Incorrect parameter count in the call to native function 'radians'</span> in [D:\wamp\www\Ideia-1.0\cake\libs\model\datasources\dbo_source.php, line 684]
2011-08-08 01:18:29 Warning: Warning (2): Invalid argument supplied for foreach() in [D:\wamp\www\Ideia-1.0\app\controllers\restaurantes_controller.php, line 26]
2011-08-08 01:18:57 Warning: Warning (512): <span style="color:Red;text-align:left"><b>SQL Error:</b> 1064: You have an error in your SQL syntax; check the manual that corresponds to your MySQL server version for the right syntax to use near '.distance FROM restaurantes as Restaurante HAVING distance < 5 ORDER BY Restaura' at line 1</span> in [D:\wamp\www\Ideia-1.0\cake\libs\model\datasources\dbo_source.php, line 684]
2011-08-08 01:18:57 Warning: Warning (2): Invalid argument supplied for foreach() in [D:\wamp\www\Ideia-1.0\app\controllers\restaurantes_controller.php, line 26]
2011-08-08 01:20:41 Warning: Warning (512): <span style="color:Red;text-align:left"><b>SQL Error:</b> 1064: You have an error in your SQL syntax; check the manual that corresponds to your MySQL server version for the right syntax to use near '.distance FROM restaurantes as Restaurante HAVING Restaurante.distance < 5 ORDER' at line 1</span> in [D:\wamp\www\Ideia-1.0\cake\libs\model\datasources\dbo_source.php, line 684]
2011-08-08 01:20:41 Warning: Warning (2): Invalid argument supplied for foreach() in [D:\wamp\www\Ideia-1.0\app\controllers\restaurantes_controller.php, line 24]
2011-08-08 01:21:45 Warning: Warning (512): <span style="color:Red;text-align:left"><b>SQL Error:</b> 1064: You have an error in your SQL syntax; check the manual that corresponds to your MySQL server version for the right syntax to use near '.distance FROM restaurantes as Restaurante HAVING Restaurante.distance < 5 ORDER' at line 1</span> in [D:\wamp\www\Ideia-1.0\cake\libs\model\datasources\dbo_source.php, line 684]
2011-08-08 01:21:45 Warning: Warning (2): Invalid argument supplied for foreach() in [D:\wamp\www\Ideia-1.0\app\controllers\restaurantes_controller.php, line 24]
2011-08-08 01:22:22 Warning: Warning (512): <span style="color:Red;text-align:left"><b>SQL Error:</b> 1064: You have an error in your SQL syntax; check the manual that corresponds to your MySQL server version for the right syntax to use near '.distance FROM restaurantes as Restaurante HAVING Restaurante.distance < 5 ORDER' at line 1</span> in [D:\wamp\www\Ideia-1.0\cake\libs\model\datasources\dbo_source.php, line 684]
2011-08-08 01:22:22 Warning: Warning (2): Invalid argument supplied for foreach() in [D:\wamp\www\Ideia-1.0\app\controllers\restaurantes_controller.php, line 24]
2011-08-08 01:24:21 Warning: Warning (512): <span style="color:Red;text-align:left"><b>SQL Error:</b> 1582: Incorrect parameter count in the call to native function 'radians'</span> in [D:\wamp\www\Ideia-1.0\cake\libs\model\datasources\dbo_source.php, line 684]
2011-08-08 01:24:21 Warning: Warning (2): Invalid argument supplied for foreach() in [D:\wamp\www\Ideia-1.0\app\controllers\restaurantes_controller.php, line 24]
2011-08-08 01:25:15 Warning: Warning (512): <span style="color:Red;text-align:left"><b>SQL Error:</b> 1582: Incorrect parameter count in the call to native function 'radians'</span> in [D:\wamp\www\Ideia-1.0\cake\libs\model\datasources\dbo_source.php, line 684]
2011-08-08 01:25:15 Warning: Warning (2): Invalid argument supplied for foreach() in [D:\wamp\www\Ideia-1.0\app\controllers\restaurantes_controller.php, line 24]
2011-08-08 01:29:25 Warning: Warning (512): <span style="color:Red;text-align:left"><b>SQL Error:</b> 1582: Incorrect parameter count in the call to native function 'radians'</span> in [D:\wamp\www\Ideia-1.0\cake\libs\model\datasources\dbo_source.php, line 684]
2011-08-08 01:29:25 Warning: Warning (2): Invalid argument supplied for foreach() in [D:\wamp\www\Ideia-1.0\app\controllers\restaurantes_controller.php, line 24]
2011-08-08 01:47:25 Warning: Warning (512): <span style="color:Red;text-align:left"><b>SQL Error:</b> 1064: You have an error in your SQL syntax; check the manual that corresponds to your MySQL server version for the right syntax to use near '.distance FROM restaurantes AS Restaurante INNER JOIN tipos AS Tipo on Tipo.id =' at line 1</span> in [D:\wamp\www\Ideia-1.0\cake\libs\model\datasources\dbo_source.php, line 684]
2011-08-08 02:02:43 Warning: Warning (512): <span style="color:Red;text-align:left"><b>SQL Error:</b> 1582: Incorrect parameter count in the call to native function 'radians'</span> in [D:\wamp\www\Ideia-1.0\cake\libs\model\datasources\dbo_source.php, line 684]
